c:\users\danchav2\source\repos\oop1\debug\vc142.pdb
c:\users\danchav2\source\repos\oop1\debug\vc142.idb
c:\users\danchav2\source\repos\oop1\debug\pirate.obj
c:\users\danchav2\source\repos\oop1\debug\ninja.obj
c:\users\danchav2\source\repos\oop1\debug\character.obj
c:\users\danchav2\source\repos\oop1\debug\oop1.obj
c:\users\danchav2\source\repos\oop1\debug\oop1.exe
c:\users\danchav2\source\repos\oop1\debug\oop1.ilk
c:\users\danchav2\source\repos\oop1\debug\oop1.pdb
e:\csc275\oop1\debug\character.obj
e:\csc275\oop1\debug\ninja.obj
e:\csc275\oop1\debug\oop1.obj
e:\csc275\oop1\debug\pirate.obj
e:\csc275\oop1\debug\oop1.ilk
e:\csc275\oop1\debug\vc142.idb
e:\csc275\oop1\debug\oop1.pdb
e:\csc275\oop1\debug\vc142.pdb
e:\csc275\oop1\debug\oop1.exe
e:\csc275\oop1\debug\oop1.tlog\cl.command.1.tlog
e:\csc275\oop1\debug\oop1.tlog\cl.read.1.tlog
e:\csc275\oop1\debug\oop1.tlog\cl.write.1.tlog
e:\csc275\oop1\debug\oop1.tlog\link.command.1.tlog
e:\csc275\oop1\debug\oop1.tlog\link.read.1.tlog
e:\csc275\oop1\debug\oop1.tlog\link.write.1.tlog
